<?xml version="1.0" encoding="UTF-8"?>
<testsuite xmlns:xsi="http://www.w3.org/2001/XMLSchema-instance" xsi:noNamespaceSchemaLocation="https://maven.apache.org/surefire/maven-surefire-plugin/xsd/surefire-test-report-3.0.xsd" version="3.0" name="Calc.MathTest" time="0.04" tests="2" errors="0" skipped="0" failures="0">
  <properties>
[...]
</properties>
  <testcase name="test1" classname="Calc.MathTest" time="0.023">
    <system-out><![CDATA[5
]]></system-out>
  </testcase>
  <testcase name="test2" classname="Calc.MathTest" time="0">
    <system-out><![CDATA[6
]]></system-out>
  </testcase>
</testsuite>